<?xml version="1.0" encoding="UTF-8" ?>
<testsuite tests="1" failures="0" name="br.com.ifpe.teste.AlunoCRUD" time="9.344" errors="1" skipped="0">
  <properties>
    <property name="java.runtime.name" value="Java(TM) SE Runtime Environment"/>
    <property name="sun.boot.library.path" value="C:\Program Files\Java\jdk1.8.0_201\jre\bin"/>
    <property name="java.vm.version" value="25.201-b09"/>
    <property name="java.vm.vendor" value="Oracle Corporation"/>
    <property name="java.vendor.url" value="http://java.oracle.com/"/>
    <property name="path.separator" value=";"/>
    <property name="guice.disable.misplaced.annotation.check" value="true"/>
    <property name="java.vm.name" value="Java HotSpot(TM) Client VM"/>
    <property name="file.encoding.pkg" value="sun.io"/>
    <property name="user.script" value=""/>
    <property name="user.country" value="BR"/>
    <property name="sun.java.launcher" value="SUN_STANDARD"/>
    <property name="sun.os.patch.level" value="Service Pack 1"/>
    <property name="test" value="br.com.ifpe.teste.AlunoCRUD"/>
    <property name="java.vm.specification.name" value="Java Virtual Machine Specification"/>
    <property name="user.dir" value="C:\Users\nicolas\Desktop\projetoDesCorp\SistemaDeAssistenciaEstudantil"/>
    <property name="java.runtime.version" value="1.8.0_201-b09"/>
    <property name="java.awt.graphicsenv" value="sun.awt.Win32GraphicsEnvironment"/>
    <property name="java.endorsed.dirs" value="C:\Program Files\Java\jdk1.8.0_201\jre\lib\endorsed"/>
    <property name="os.arch" value="x86"/>
    <property name="java.io.tmpdir" value="C:\Users\nicolas\AppData\Local\Temp\"/>
    <property name="line.separator" value="
"/>
    <property name="java.vm.specification.vendor" value="Oracle Corporation"/>
    <property name="user.variant" value=""/>
    <property name="os.name" value="Windows 7"/>
    <property name="maven.ext.class.path" value="C:\Program Files\NetBeans 8.2\java\maven-nblib\netbeans-eventspy.jar"/>
    <property name="classworlds.conf" value="C:\Program Files\NetBeans 8.2\java\maven\bin\m2.conf"/>
    <property name="sun.jnu.encoding" value="Cp1252"/>
    <property name="java.library.path" value="C:\Program Files\Java\jdk1.8.0_201\bin;C:\Windows\Sun\Java\bin;C:\Windows\system32;C:\Windows;C:\Program Files\Common Files\Oracle\Java\javapath;C:\Windows\system32;C:\Windows;C:\Windows\System32\Wbem;C:\Windows\System32\WindowsPowerShell\v1.0\;C:\Program Files\nodejs\;C:\Program Files\Java\jdk1.8.0_201\bin;C:\Program Files\PuTTY\;C:\Program Files\Git\cmd;C:\apache-maven-3.6.1\bin;C:\Users\nicolas\AppData\Roaming\npm;C:\Users\nicolas\AppData\Local\Programs\Microsoft VS Code\bin;C:\Program Files\JetBrains\IntelliJ IDEA Community Edition 2019.1.1\bin;;C:\Program Files\heroku\bin;."/>
    <property name="java.specification.name" value="Java Platform API Specification"/>
    <property name="java.class.version" value="52.0"/>
    <property name="sun.management.compiler" value="HotSpot Client Compiler"/>
    <property name="os.version" value="6.1"/>
    <property name="user.home" value="C:\Users\nicolas"/>
    <property name="user.timezone" value="America/Sao_Paulo"/>
    <property name="java.awt.printerjob" value="sun.awt.windows.WPrinterJob"/>
    <property name="java.specification.version" value="1.8"/>
    <property name="file.encoding" value="UTF-8"/>
    <property name="user.name" value="nicolas"/>
    <property name="java.class.path" value="C:\Program Files\NetBeans 8.2\java\maven\boot\plexus-classworlds-2.4.jar"/>
    <property name="java.vm.specification.version" value="1.8"/>
    <property name="sun.arch.data.model" value="32"/>
    <property name="java.home" value="C:\Program Files\Java\jdk1.8.0_201\jre"/>
    <property name="sun.java.command" value="org.codehaus.plexus.classworlds.launcher.Launcher -Dtest=br.com.ifpe.teste.AlunoCRUD -Dmaven.ext.class.path=C:\Program Files\NetBeans 8.2\java\maven-nblib\netbeans-eventspy.jar -Dfile.encoding=UTF-8 surefire:test"/>
    <property name="java.specification.vendor" value="Oracle Corporation"/>
    <property name="user.language" value="pt"/>
    <property name="awt.toolkit" value="sun.awt.windows.WToolkit"/>
    <property name="java.vm.info" value="mixed mode, sharing"/>
    <property name="java.version" value="1.8.0_201"/>
    <property name="java.ext.dirs" value="C:\Program Files\Java\jdk1.8.0_201\jre\lib\ext;C:\Windows\Sun\Java\lib\ext"/>
    <property name="sun.boot.class.path" value="C:\Program Files\Java\jdk1.8.0_201\jre\lib\resources.jar;C:\Program Files\Java\jdk1.8.0_201\jre\lib\rt.jar;C:\Program Files\Java\jdk1.8.0_201\jre\lib\sunrsasign.jar;C:\Program Files\Java\jdk1.8.0_201\jre\lib\jsse.jar;C:\Program Files\Java\jdk1.8.0_201\jre\lib\jce.jar;C:\Program Files\Java\jdk1.8.0_201\jre\lib\charsets.jar;C:\Program Files\Java\jdk1.8.0_201\jre\lib\jfr.jar;C:\Program Files\Java\jdk1.8.0_201\jre\classes"/>
    <property name="java.vendor" value="Oracle Corporation"/>
    <property name="maven.home" value="C:\Program Files\NetBeans 8.2\java\maven"/>
    <property name="file.separator" value="\"/>
    <property name="java.vendor.url.bug" value="http://bugreport.sun.com/bugreport/"/>
    <property name="sun.cpu.endian" value="little"/>
    <property name="sun.io.unicode.encoding" value="UnicodeLittle"/>
    <property name="sun.desktop" value="windows"/>
    <property name="sun.cpu.isalist" value="pentium_pro+mmx pentium_pro pentium+mmx pentium i486 i386 i86"/>
  </properties>
  <testcase classname="br.com.ifpe.teste.AlunoCRUD" name="persistAluno" time="6.412">
    <error message="
Exception Description: No transaction is currently active" type="javax.persistence.TransactionRequiredException">javax.persistence.TransactionRequiredException: 
Exception Description: No transaction is currently active
	at org.eclipse.persistence.internal.jpa.transaction.EntityTransactionWrapper.throwCheckTransactionFailedException(EntityTransactionWrapper.java:87)
	at org.eclipse.persistence.internal.jpa.transaction.EntityTransactionWrapper.checkForTransaction(EntityTransactionWrapper.java:50)
	at org.eclipse.persistence.internal.jpa.EntityManagerImpl.checkForTransaction(EntityManagerImpl.java:2041)
	at org.eclipse.persistence.internal.jpa.EntityManagerImpl.flush(EntityManagerImpl.java:863)
	at br.com.ifpe.teste.AlunoCRUD.persistAluno(AlunoCRUD.java:64)
	at sun.reflect.NativeMethodAccessorImpl.invoke0(Native Method)
	at sun.reflect.NativeMethodAccessorImpl.invoke(NativeMethodAccessorImpl.java:62)
	at sun.reflect.DelegatingMethodAccessorImpl.invoke(DelegatingMethodAccessorImpl.java:43)
	at java.lang.reflect.Method.invoke(Method.java:498)
	at org.junit.runners.model.FrameworkMethod$1.runReflectiveCall(FrameworkMethod.java:50)
	at org.junit.internal.runners.model.ReflectiveCallable.run(ReflectiveCallable.java:12)
	at org.junit.runners.model.FrameworkMethod.invokeExplosively(FrameworkMethod.java:47)
	at org.junit.internal.runners.statements.InvokeMethod.evaluate(InvokeMethod.java:17)
	at org.junit.internal.runners.statements.RunBefores.evaluate(RunBefores.java:26)
	at org.junit.internal.runners.statements.RunAfters.evaluate(RunAfters.java:27)
	at org.junit.runners.ParentRunner.runLeaf(ParentRunner.java:325)
	at org.junit.runners.BlockJUnit4ClassRunner.runChild(BlockJUnit4ClassRunner.java:78)
	at org.junit.runners.BlockJUnit4ClassRunner.runChild(BlockJUnit4ClassRunner.java:57)
	at org.junit.runners.ParentRunner$3.run(ParentRunner.java:290)
	at org.junit.runners.ParentRunner$1.schedule(ParentRunner.java:71)
	at org.junit.runners.ParentRunner.runChildren(ParentRunner.java:288)
	at org.junit.runners.ParentRunner.access$000(ParentRunner.java:58)
	at org.junit.runners.ParentRunner$2.evaluate(ParentRunner.java:268)
	at org.junit.internal.runners.statements.RunBefores.evaluate(RunBefores.java:26)
	at org.junit.internal.runners.statements.RunAfters.evaluate(RunAfters.java:27)
	at org.junit.runners.ParentRunner.run(ParentRunner.java:363)
	at org.apache.maven.surefire.junit4.JUnit4TestSet.execute(JUnit4TestSet.java:53)
	at org.apache.maven.surefire.junit4.JUnit4Provider.executeTestSet(JUnit4Provider.java:123)
	at org.apache.maven.surefire.junit4.JUnit4Provider.invoke(JUnit4Provider.java:104)
	at sun.reflect.NativeMethodAccessorImpl.invoke0(Native Method)
	at sun.reflect.NativeMethodAccessorImpl.invoke(NativeMethodAccessorImpl.java:62)
	at sun.reflect.DelegatingMethodAccessorImpl.invoke(DelegatingMethodAccessorImpl.java:43)
	at java.lang.reflect.Method.invoke(Method.java:498)
	at org.apache.maven.surefire.util.ReflectionUtils.invokeMethodWithArray(ReflectionUtils.java:164)
	at org.apache.maven.surefire.booter.ProviderFactory$ProviderProxy.invoke(ProviderFactory.java:110)
	at org.apache.maven.surefire.booter.SurefireStarter.invokeProvider(SurefireStarter.java:175)
	at org.apache.maven.surefire.booter.SurefireStarter.runSuitesInProcessWhenForked(SurefireStarter.java:107)
	at org.apache.maven.surefire.booter.ForkedBooter.main(ForkedBooter.java:68)
</error>
    <system-out>[EL Config]: metadata: 2019-08-25 20:53:51.964--ServerSession(25300561)--Thread(Thread[main,5,main])--The access type for the persistent class [class br.com.ifpe.modelo.Livro] is set to [FIELD].
[EL Config]: metadata: 2019-08-25 20:53:52.104--ServerSession(25300561)--Thread(Thread[main,5,main])--The access type for the persistent class [class br.com.ifpe.modelo.Aluno] is set to [FIELD].
[EL Config]: metadata: 2019-08-25 20:53:52.104--ServerSession(25300561)--Thread(Thread[main,5,main])--The access type for the persistent class [class br.com.ifpe.modelo.Fardamento] is set to [FIELD].
[EL Config]: metadata: 2019-08-25 20:53:52.104--ServerSession(25300561)--Thread(Thread[main,5,main])--The access type for the persistent class [class br.com.ifpe.modelo.Volume] is set to [FIELD].
[EL Config]: metadata: 2019-08-25 20:53:52.12--ServerSession(25300561)--Thread(Thread[main,5,main])--The access type for the persistent class [class br.com.ifpe.modelo.Tamanho] is set to [FIELD].
[EL Config]: metadata: 2019-08-25 20:53:52.12--ServerSession(25300561)--Thread(Thread[main,5,main])--The access type for the persistent class [class br.com.ifpe.modelo.Situacao] is set to [FIELD].
[EL Config]: metadata: 2019-08-25 20:53:52.12--ServerSession(25300561)--Thread(Thread[main,5,main])--The alias name for the entity class [class br.com.ifpe.modelo.Livro] is being defaulted to: Livro.
[EL Config]: metadata: 2019-08-25 20:53:52.12--ServerSession(25300561)--Thread(Thread[main,5,main])--The table name for entity [class br.com.ifpe.modelo.Livro] is being defaulted to: LIVRO.
[EL Config]: metadata: 2019-08-25 20:53:52.229--ServerSession(25300561)--Thread(Thread[main,5,main])--The column name for element [isbn] is being defaulted to: ISBN.
[EL Config]: metadata: 2019-08-25 20:53:52.229--ServerSession(25300561)--Thread(Thread[main,5,main])--The column name for element [titulo] is being defaulted to: TITULO.
[EL Config]: metadata: 2019-08-25 20:53:52.229--ServerSession(25300561)--Thread(Thread[main,5,main])--The column name for element [materia] is being defaulted to: MATERIA.
[EL Config]: metadata: 2019-08-25 20:53:52.229--ServerSession(25300561)--Thread(Thread[main,5,main])--The column name for element [quantidade] is being defaulted to: QUANTIDADE.
[EL Config]: metadata: 2019-08-25 20:53:52.245--ServerSession(25300561)--Thread(Thread[main,5,main])--The column name for element [autor] is being defaulted to: AUTOR.
[EL Config]: metadata: 2019-08-25 20:53:52.245--ServerSession(25300561)--Thread(Thread[main,5,main])--The alias name for the entity class [class br.com.ifpe.modelo.Aluno] is being defaulted to: Aluno.
[EL Config]: metadata: 2019-08-25 20:53:52.245--ServerSession(25300561)--Thread(Thread[main,5,main])--The table name for entity [class br.com.ifpe.modelo.Aluno] is being defaulted to: ALUNO.
[EL Config]: metadata: 2019-08-25 20:53:52.245--ServerSession(25300561)--Thread(Thread[main,5,main])--The column name for element [curso] is being defaulted to: CURSO.
[EL Config]: metadata: 2019-08-25 20:53:52.245--ServerSession(25300561)--Thread(Thread[main,5,main])--The column name for element [matricula] is being defaulted to: MATRICULA.
[EL Config]: metadata: 2019-08-25 20:53:52.245--ServerSession(25300561)--Thread(Thread[main,5,main])--The column name for element [cpf] is being defaulted to: CPF.
[EL Config]: metadata: 2019-08-25 20:53:52.245--ServerSession(25300561)--Thread(Thread[main,5,main])--The column name for element [celular] is being defaulted to: CELULAR.
[EL Config]: metadata: 2019-08-25 20:53:52.245--ServerSession(25300561)--Thread(Thread[main,5,main])--The column name for element [turno] is being defaulted to: TURNO.
[EL Config]: metadata: 2019-08-25 20:53:52.245--ServerSession(25300561)--Thread(Thread[main,5,main])--The column name for element [email] is being defaulted to: EMAIL.
[EL Config]: metadata: 2019-08-25 20:53:52.245--ServerSession(25300561)--Thread(Thread[main,5,main])--The alias name for the entity class [class br.com.ifpe.modelo.Fardamento] is being defaulted to: Fardamento.
[EL Config]: metadata: 2019-08-25 20:53:52.245--ServerSession(25300561)--Thread(Thread[main,5,main])--The table name for entity [class br.com.ifpe.modelo.Fardamento] is being defaulted to: FARDAMENTO.
[EL Config]: metadata: 2019-08-25 20:53:52.26--ServerSession(25300561)--Thread(Thread[main,5,main])--The alias name for the entity class [class br.com.ifpe.modelo.Volume] is being defaulted to: Volume.
[EL Config]: metadata: 2019-08-25 20:53:52.26--ServerSession(25300561)--Thread(Thread[main,5,main])--The table name for entity [class br.com.ifpe.modelo.Volume] is being defaulted to: VOLUME.
[EL Config]: metadata: 2019-08-25 20:53:52.26--ServerSession(25300561)--Thread(Thread[main,5,main])--The alias name for the entity class [class br.com.ifpe.modelo.Tamanho] is being defaulted to: Tamanho.
[EL Config]: metadata: 2019-08-25 20:53:52.26--ServerSession(25300561)--Thread(Thread[main,5,main])--The table name for entity [class br.com.ifpe.modelo.Tamanho] is being defaulted to: TAMANHO.
[EL Config]: metadata: 2019-08-25 20:53:52.26--ServerSession(25300561)--Thread(Thread[main,5,main])--The alias name for the entity class [class br.com.ifpe.modelo.Situacao] is being defaulted to: Situacao.
[EL Config]: metadata: 2019-08-25 20:53:52.26--ServerSession(25300561)--Thread(Thread[main,5,main])--The table name for entity [class br.com.ifpe.modelo.Situacao] is being defaulted to: SITUACAO.
[EL Info]: 2019-08-25 20:53:53.727--ServerSession(25300561)--Thread(Thread[main,5,main])--EclipseLink, version: Eclipse Persistence Services - 2.5.2.v20140319-9ad6abd
[EL Fine]: connection: 2019-08-25 20:53:54.866--Thread(Thread[main,5,main])--Detected database platform: org.eclipse.persistence.platform.database.MySQLPlatform
[EL Config]: connection: 2019-08-25 20:53:54.912--ServerSession(25300561)--Connection(6831517)--Thread(Thread[main,5,main])--connecting(DatabaseLogin(
	platform=&gt;MySQLPlatform
	user name=&gt; &quot;root&quot;
	datasource URL=&gt; &quot;jdbc:mysql://localhost:3306/bd_sae&quot;
))
[EL Config]: connection: 2019-08-25 20:53:54.99--ServerSession(25300561)--Connection(25088862)--Thread(Thread[main,5,main])--Connected: jdbc:mysql://localhost:3306/bd_sae
	User: root@localhost
	Database: MySQL  Version: 5.7.27-log
	Driver: MySQL Connector Java  Version: mysql-connector-java-5.1.34 ( Revision: jess.balint@oracle.com-20141014163213-wqbwpf1ok2kvo1om )
[EL Info]: connection: 2019-08-25 20:53:55.256--ServerSession(25300561)--Thread(Thread[main,5,main])--file:/C:/Users/nicolas/Desktop/projetoDesCorp/SistemaDeAssistenciaEstudantil/target/classes/_tarefas login successful
[EL Fine]: sql: 2019-08-25 20:53:55.334--ServerSession(25300561)--Connection(25088862)--Thread(Thread[main,5,main])--DROP TABLE ALUNO
[EL Fine]: sql: 2019-08-25 20:53:55.614--ServerSession(25300561)--Connection(25088862)--Thread(Thread[main,5,main])--DROP TABLE TAMANHO
[EL Fine]: sql: 2019-08-25 20:53:55.786--ServerSession(25300561)--Connection(25088862)--Thread(Thread[main,5,main])--DROP TABLE FARDAMENTO
[EL Fine]: sql: 2019-08-25 20:53:55.942--ServerSession(25300561)--Connection(25088862)--Thread(Thread[main,5,main])--DROP TABLE LIVRO
[EL Fine]: sql: 2019-08-25 20:53:56.051--ServerSession(25300561)--Connection(25088862)--Thread(Thread[main,5,main])--DROP TABLE SITUACAO
[EL Fine]: sql: 2019-08-25 20:53:56.316--ServerSession(25300561)--Connection(25088862)--Thread(Thread[main,5,main])--DROP TABLE VOLUME
[EL Fine]: sql: 2019-08-25 20:53:56.426--ServerSession(25300561)--Connection(25088862)--Thread(Thread[main,5,main])--CREATE TABLE ALUNO (id_aluno BIGINT AUTO_INCREMENT NOT NULL, CELULAR INTEGER NOT NULL, CPF INTEGER NOT NULL, CURSO VARCHAR(150) NOT NULL, EMAIL VARCHAR(70) NOT NULL, MATRICULA VARCHAR(15) NOT NULL, nome_aluno VARCHAR(100) NOT NULL, TURNO VARCHAR(10) NOT NULL, PRIMARY KEY (id_aluno))
[EL Fine]: sql: 2019-08-25 20:53:56.691--ServerSession(25300561)--Connection(25088862)--Thread(Thread[main,5,main])--CREATE TABLE TAMANHO (id_tamanho BIGINT AUTO_INCREMENT NOT NULL, descricao_tamanho VARCHAR(2) NOT NULL, PRIMARY KEY (id_tamanho))
[EL Fine]: sql: 2019-08-25 20:53:56.956--ServerSession(25300561)--Connection(25088862)--Thread(Thread[main,5,main])--CREATE TABLE FARDAMENTO (id_fardamento BIGINT AUTO_INCREMENT NOT NULL, id_aluno BIGINT NOT NULL, id_situacao BIGINT NOT NULL, id_tamanho BIGINT NOT NULL, quantidade_entregue INTEGER NOT NULL, tamanho_entregue VARCHAR(100) NOT NULL, tamanho_pedido VARCHAR(100) NOT NULL, PRIMARY KEY (id_fardamento))
[EL Fine]: sql: 2019-08-25 20:53:57.299--ServerSession(25300561)--Connection(25088862)--Thread(Thread[main,5,main])--CREATE TABLE LIVRO (id_livro BIGINT AUTO_INCREMENT NOT NULL, AUTOR VARCHAR(100) NOT NULL, id_volume BIGINT NOT NULL, ISBN BIGINT NOT NULL, MATERIA VARCHAR(45) NOT NULL, QUANTIDADE INTEGER NOT NULL, TITULO VARCHAR(150) NOT NULL, PRIMARY KEY (id_livro))
[EL Fine]: sql: 2019-08-25 20:53:57.596--ServerSession(25300561)--Connection(25088862)--Thread(Thread[main,5,main])--CREATE TABLE SITUACAO (id_situacao BIGINT AUTO_INCREMENT NOT NULL, nome_aluno VARCHAR(15) NOT NULL, PRIMARY KEY (id_situacao))
[EL Fine]: sql: 2019-08-25 20:53:57.876--ServerSession(25300561)--Connection(25088862)--Thread(Thread[main,5,main])--CREATE TABLE VOLUME (id_volume BIGINT AUTO_INCREMENT NOT NULL, descricao_volume VARCHAR(12) NOT NULL, PRIMARY KEY (id_volume))
</system-out>
    <system-err>ago 25, 2019 8:53:58 PM br.com.ifpe.teste.AlunoCRUD persistAluno
INFORMAÇÕES: Executando persistirComprador()
</system-err>
  </testcase>
</testsuite>